{
  "RSpec": {
    "coverage": {
      "/home/amazing-exception-4632/tic-tac-toe-rb-online-web-sp-000/lib/tic_tac_toe.rb": [
        1,
        null,
        null,
        1,
        null,
        null,
        null,
        null,
        null,
        null,
        null,
        null,
        null,
        1,
        24,
        24,
        24,
        24,
        24,
        null,
        null,
        1,
        17411,
        null,
        null,
        1,
        22,
        null,
        null,
        1,
        17539,
        17442,
        97,
        97,
        null,
        null,
        null,
        null,
        null,
        1,
        17411,
        null,
        null,
        1,
        17410,
        17408,
        17408,
        17408,
        19,
        19,
        null,
        17389,
        null,
        null,
        null,
        1,
        4,
        4,
        36,
        9,
        null,
        null,
        4,
        null,
        null,
        1,
        1,
        0,
        1,
        0,
        1,
        1,
        null,
        null,
        null,
        1,
        74,
        299,
        299,
        299,
        null,
        299,
        299,
        299,
        null,
        299,
        null,
        null,
        null,
        null,
        1,
        105,
        null,
        null,
        null,
        1,
        26,
        7,
        null,
        19,
        null,
        null,
        null,
        1,
        23,
        16,
        null,
        null,
        1,
        16,
        15,
        null,
        null,
        null,
        1,
        12,
        7,
        7,
        7,
        5,
        5,
        5,
        null,
        10,
        7,
        7,
        3,
        2,
        1,
        null,
        null,
        null
      ]
    },
    "timestamp": 1585326085
  }
}
