{
  "RSpec": {
    "coverage": {
      "/home/amazing-exception-4632/tic-tac-toe-rb-online-web-sp-000/lib/tic_tac_toe.rb": [
        1,
        null,
        null,
        1,
        null,
        null,
        null,
        null,
        null,
        null,
        null,
        null,
        null,
        1,
        5,
        5,
        5,
        5,
        5,
        null,
        null,
        1,
        13,
        null,
        null,
        1,
        3,
        null,
        null,
        1,
        93,
        35,
        58,
        58,
        null,
        null,
        null,
        null,
        null,
        1,
        13,
        null,
        null,
        1,
        10,
        10,
        10,
        10,
        9,
        0,
        null,
        1,
        null,
        null,
        null,
        1,
        2,
        2,
        18,
        5,
        null,
        null,
        2,
        null,
        null,
        1,
        1,
        1,
        null,
        0,
        null,
        null,
        null,
        1,
        48,
        224,
        224,
        224,
        null,
        224,
        224,
        224,
        null,
        224,
        null,
        null,
        null,
        null,
        1,
        90,
        null,
        null,
        null,
        1,
        17,
        7,
        null,
        10,
        null,
        null,
        null,
        1,
        11,
        7,
        null,
        null,
        1,
        10,
        9,
        null,
        null,
        null,
        1,
        12,
        7,
        null,
        5,
        3,
        3,
        2,
        2,
        null,
        null,
        null,
        null
      ]
    },
    "timestamp": 1585329186
  }
}
